第一次跑通全量数据集
overall_result:  [[2401. 5838.]
 [2841. 5838.]
 [3015. 5838.]
 [3105. 5838.]
 [3156. 5838.]] [41.12709832 48.663926   51.64439877 53.18602261 54.05960946]
main.py:612: RuntimeWarning: invalid value encountered in divide
  print("depth_hit: ", depth_hit, 100 * depth_hit[0, :, :] / depth_hit[1, :, :])
depth_hit:  [[[0.000e+00 0.000e+00 0.000e+00 0.000e+00 0.000e+00]
  [0.000e+00 0.000e+00 0.000e+00 0.000e+00 0.000e+00]
  [1.284e+03 1.495e+03 1.585e+03 1.639e+03 1.667e+03]
  [5.990e+02 7.200e+02 7.720e+02 7.930e+02 8.060e+02]
  [2.640e+02 3.210e+02 3.380e+02 3.460e+02 3.520e+02]
  [1.570e+02 1.930e+02 2.020e+02 2.070e+02 2.080e+02]
  [6.400e+01 7.200e+01 7.400e+01 7.500e+01 7.800e+01]
  [2.100e+01 2.500e+01 2.600e+01 2.600e+01 2.600e+01]
  [1.100e+01 1.400e+01 1.500e+01 1.600e+01 1.600e+01]
  [0.000e+00 0.000e+00 1.000e+00 1.000e+00 1.000e+00]
  [1.000e+00 1.000e+00 1.000e+00 1.000e+00 1.000e+00]
  [0.000e+00 0.000e+00 1.000e+00 1.000e+00 1.000e+00]
  [0.000e+00 0.000e+00 0.000e+00 0.000e+00 0.000e+00]
  [0.000e+00 0.000e+00 0.000e+00 0.000e+00 0.000e+00]
  [0.000e+00 0.000e+00 0.000e+00 0.000e+00 0.000e+00]]

 [[0.000e+00 0.000e+00 0.000e+00 0.000e+00 0.000e+00]
  [0.000e+00 0.000e+00 0.000e+00 0.000e+00 0.000e+00]
  [2.862e+03 2.862e+03 2.862e+03 2.862e+03 2.862e+03]
  [1.500e+03 1.500e+03 1.500e+03 1.500e+03 1.500e+03]
  [7.310e+02 7.310e+02 7.310e+02 7.310e+02 7.310e+02]
  [4.080e+02 4.080e+02 4.080e+02 4.080e+02 4.080e+02]
  [1.790e+02 1.790e+02 1.790e+02 1.790e+02 1.790e+02]
  [7.400e+01 7.400e+01 7.400e+01 7.400e+01 7.400e+01]
  [3.400e+01 3.400e+01 3.400e+01 3.400e+01 3.400e+01]
  [1.300e+01 1.300e+01 1.300e+01 1.300e+01 1.300e+01]
  [2.000e+00 2.000e+00 2.000e+00 2.000e+00 2.000e+00]
  [3.200e+01 3.200e+01 3.200e+01 3.200e+01 3.200e+01]
  [2.000e+00 2.000e+00 2.000e+00 2.000e+00 2.000e+00]
  [1.000e+00 1.000e+00 1.000e+00 1.000e+00 1.000e+00]
  [0.000e+00 0.000e+00 0.000e+00 0.000e+00 0.000e+00]]] [[        nan         nan         nan         nan         nan]
 [        nan         nan         nan         nan         nan]
 [44.86373166 52.23619846 55.38085255 57.267645   58.24598183]
 [39.93333333 48.         51.46666667 52.86666667 53.73333333]
 [36.11491108 43.9124487  46.2380301  47.33242134 48.15321477]
 [38.48039216 47.30392157 49.50980392 50.73529412 50.98039216]
 [35.75418994 40.22346369 41.34078212 41.89944134 43.57541899]
 [28.37837838 33.78378378 35.13513514 35.13513514 35.13513514]
 [32.35294118 41.17647059 44.11764706 47.05882353 47.05882353]
 [ 0.          0.          7.69230769  7.69230769  7.69230769]
 [50.         50.         50.         50.         50.        ]
 [ 0.          0.          3.125       3.125       3.125     ]
 [ 0.          0.          0.          0.          0.        ]
 [ 0.          0.          0.          0.          0.        ]
 [        nan         nan         nan         nan         nan]]
