用--stratified_limit=100 --sample_seed=3跑出的结果
Special tokens have been added in the vocabulary, make sure the associated word embeddings are fine-tuned or trained.
Stratified sampled 100 test samples with seed 3.
Sample depth distribution: depth 2: 48, depth 3: 25, depth 4: 12, depth 5: 6, depth 6: 2, depth 7: 1, depth 8: 1, depth 9: 1, depth 10: 1, depth 11: 1, depth 12: 1, depth 13: 1

  0%|          | 0/100 [00:00<?, ?it/s]
  1%|          | 1/100 [00:05<09:10,  5.56s/it]
  2%|▏         | 2/100 [00:14<12:33,  7.69s/it]
  3%|▎         | 3/100 [00:21<12:04,  7.46s/it]
  4%|▍         | 4/100 [00:33<14:43,  9.21s/it]
  5%|▌         | 5/100 [00:44<15:08,  9.56s/it]
  6%|▌         | 6/100 [00:53<14:40,  9.37s/it]
  7%|▋         | 7/100 [00:59<12:57,  8.36s/it]
  8%|▊         | 8/100 [01:02<10:05,  6.59s/it]
  9%|▉         | 9/100 [01:09<10:20,  6.82s/it]
 10%|█         | 10/100 [01:20<12:11,  8.12s/it]
 11%|█         | 11/100 [01:37<15:56, 10.75s/it]
 12%|█▏        | 12/100 [02:04<23:01, 15.70s/it]
 13%|█▎        | 13/100 [02:11<18:56, 13.07s/it]
 14%|█▍        | 14/100 [02:39<25:29, 17.78s/it]
 15%|█▌        | 15/100 [02:46<20:34, 14.52s/it]
 16%|█▌        | 16/100 [02:57<18:37, 13.30s/it]
 17%|█▋        | 17/100 [03:10<18:13, 13.18s/it]
 18%|█▊        | 18/100 [03:21<17:08, 12.54s/it]
 19%|█▉        | 19/100 [03:33<16:50, 12.47s/it]
 20%|██        | 20/100 [03:41<14:45, 11.06s/it]
 21%|██        | 21/100 [03:47<12:34,  9.55s/it]
 22%|██▏       | 22/100 [04:10<17:39, 13.58s/it]
 23%|██▎       | 23/100 [04:20<16:08, 12.58s/it]
 24%|██▍       | 24/100 [04:26<13:20, 10.53s/it]
 25%|██▌       | 25/100 [04:32<11:41,  9.36s/it]
 26%|██▌       | 26/100 [04:57<17:10, 13.92s/it]
 27%|██▋       | 27/100 [05:14<18:05, 14.87s/it]
 28%|██▊       | 28/100 [05:31<18:41, 15.57s/it]
 29%|██▉       | 29/100 [05:48<18:43, 15.82s/it]
 30%|███       | 30/100 [05:55<15:26, 13.24s/it]
 31%|███       | 31/100 [06:06<14:17, 12.43s/it]
 32%|███▏      | 32/100 [06:14<12:38, 11.15s/it]
 33%|███▎      | 33/100 [06:27<13:06, 11.74s/it]
 34%|███▍      | 34/100 [06:36<12:06, 11.01s/it]
 35%|███▌      | 35/100 [06:40<09:46,  9.02s/it]
 36%|███▌      | 36/100 [06:44<07:45,  7.27s/it]
 37%|███▋      | 37/100 [06:53<08:21,  7.96s/it]
 38%|███▊      | 38/100 [07:03<08:41,  8.40s/it]
 39%|███▉      | 39/100 [07:10<08:16,  8.14s/it]
 40%|████      | 40/100 [07:24<09:53,  9.89s/it]
 41%|████      | 41/100 [08:04<18:39, 18.97s/it]
 42%|████▏     | 42/100 [08:30<20:09, 20.85s/it]
 43%|████▎     | 43/100 [08:43<17:39, 18.58s/it]
 44%|████▍     | 44/100 [09:07<18:48, 20.15s/it]
 45%|████▌     | 45/100 [09:17<15:47, 17.23s/it]
 46%|████▌     | 46/100 [09:38<16:22, 18.20s/it]
 47%|████▋     | 47/100 [09:45<13:21, 15.11s/it]
 48%|████▊     | 48/100 [09:59<12:44, 14.70s/it]
 49%|████▉     | 49/100 [10:17<13:23, 15.75s/it]
 50%|█████     | 50/100 [10:22<10:15, 12.32s/it]
 51%|█████     | 51/100 [10:51<14:13, 17.42s/it]
 52%|█████▏    | 52/100 [11:09<14:03, 17.57s/it]
 53%|█████▎    | 53/100 [11:23<12:55, 16.51s/it]
 54%|█████▍    | 54/100 [11:27<09:49, 12.82s/it]
 55%|█████▌    | 55/100 [11:34<08:21, 11.14s/it]
 56%|█████▌    | 56/100 [11:59<11:07, 15.18s/it]
 57%|█████▋    | 57/100 [12:12<10:20, 14.42s/it]
 58%|█████▊    | 58/100 [12:24<09:39, 13.79s/it]
 59%|█████▉    | 59/100 [12:31<08:05, 11.84s/it]
 60%|██████    | 60/100 [12:38<06:53, 10.33s/it]
 61%|██████    | 61/100 [12:53<07:42, 11.85s/it]
 62%|██████▏   | 62/100 [13:11<08:31, 13.47s/it]
 63%|██████▎   | 63/100 [13:24<08:19, 13.50s/it]
 64%|██████▍   | 64/100 [13:32<07:05, 11.81s/it]
 65%|██████▌   | 65/100 [13:42<06:28, 11.11s/it]
 66%|██████▌   | 66/100 [13:50<05:47, 10.23s/it]
 67%|██████▋   | 67/100 [13:59<05:26,  9.89s/it]
 68%|██████▊   | 68/100 [14:10<05:30, 10.33s/it]
 69%|██████▉   | 69/100 [14:17<04:49,  9.35s/it]
 70%|███████   | 70/100 [14:32<05:29, 10.98s/it]
 71%|███████   | 71/100 [14:40<04:50, 10.02s/it]
 72%|███████▏  | 72/100 [14:41<03:22,  7.24s/it]
 73%|███████▎  | 73/100 [14:48<03:14,  7.20s/it]
 74%|███████▍  | 74/100 [15:03<04:06,  9.47s/it]
 75%|███████▌  | 75/100 [15:20<04:53, 11.74s/it]
 76%|███████▌  | 76/100 [15:31<04:42, 11.79s/it]
 77%|███████▋  | 77/100 [15:38<03:56, 10.28s/it]
 78%|███████▊  | 78/100 [15:52<04:08, 11.30s/it]
 79%|███████▉  | 79/100 [16:22<05:55, 16.93s/it]
 80%|████████  | 80/100 [16:33<05:03, 15.18s/it]
 81%|████████  | 81/100 [16:45<04:27, 14.06s/it]
 82%|████████▏ | 82/100 [17:01<04:23, 14.65s/it]
 83%|████████▎ | 83/100 [17:09<03:37, 12.82s/it]
 84%|████████▍ | 84/100 [17:20<03:16, 12.30s/it]
 85%|████████▌ | 85/100 [17:24<02:25,  9.71s/it]
 86%|████████▌ | 86/100 [17:30<02:01,  8.70s/it]
 87%|████████▋ | 87/100 [17:36<01:42,  7.92s/it]
 88%|████████▊ | 88/100 [17:53<02:08, 10.70s/it]
 89%|████████▉ | 89/100 [18:07<02:07, 11.55s/it]
 90%|█████████ | 90/100 [18:12<01:36,  9.66s/it]
 91%|█████████ | 91/100 [18:22<01:27,  9.72s/it]
 92%|█████████▏| 92/100 [18:35<01:24, 10.60s/it]
 93%|█████████▎| 93/100 [18:45<01:13, 10.53s/it]
 94%|█████████▍| 94/100 [18:49<00:51,  8.57s/it]
 95%|█████████▌| 95/100 [19:00<00:46,  9.33s/it]
 96%|█████████▌| 96/100 [19:06<00:33,  8.35s/it]
 97%|█████████▋| 97/100 [19:16<00:26,  8.69s/it]
 98%|█████████▊| 98/100 [19:22<00:15,  7.94s/it]
 99%|█████████▉| 99/100 [19:52<00:14, 14.56s/it]
100%|██████████| 100/100 [19:59<00:00, 12.26s/it]
100%|██████████| 100/100 [19:59<00:00, 11.99s/it]overall_result:  [[ 36. 100.]
 [ 47. 100.]
 [ 50. 100.]
 [ 53. 100.]
 [ 54. 100.]] [36. 47. 50. 53. 54.]

main.py:685: RuntimeWarning: invalid value encountered in divide
  print("depth_hit: ", depth_hit, 100 * depth_hit[0, :, :] / depth_hit[1, :, :])
depth_hit:  [[[ 0.  0.  0.  0.  0.]
  [ 0.  0.  0.  0.  0.]
  [15. 19. 22. 24. 24.]
  [10. 14. 14. 15. 16.]
  [ 6.  8.  8.  8.  8.]
  [ 2.  3.  3.  3.  3.]
  [ 0.  0.  0.  0.  0.]
  [ 1.  1.  1.  1.  1.]
  [ 1.  1.  1.  1.  1.]
  [ 0.  0.  0.  0.  0.]
  [ 1.  1.  1.  1.  1.]
  [ 0.  0.  0.  0.  0.]
  [ 0.  0.  0.  0.  0.]
  [ 0.  0.  0.  0.  0.]
  [ 0.  0.  0.  0.  0.]]

 [[ 0.  0.  0.  0.  0.]
  [ 0.  0.  0.  0.  0.]
  [48. 48. 48. 48. 48.]
  [25. 25. 25. 25. 25.]
  [12. 12. 12. 12. 12.]
  [ 6.  6.  6.  6.  6.]
  [ 2.  2.  2.  2.  2.]
  [ 1.  1.  1.  1.  1.]
  [ 1.  1.  1.  1.  1.]
  [ 1.  1.  1.  1.  1.]
  [ 1.  1.  1.  1.  1.]
  [ 1.  1.  1.  1.  1.]
  [ 1.  1.  1.  1.  1.]
  [ 1.  1.  1.  1.  1.]
  [ 0.  0.  0.  0.  0.]]] [[         nan          nan          nan          nan          nan]
 [         nan          nan          nan          nan          nan]
 [ 31.25        39.58333333  45.83333333  50.          50.        ]
 [ 40.          56.          56.          60.          64.        ]
 [ 50.          66.66666667  66.66666667  66.66666667  66.66666667]
 [ 33.33333333  50.          50.          50.          50.        ]
 [  0.           0.           0.           0.           0.        ]
 [100.         100.         100.         100.         100.        ]
 [100.         100.         100.         100.         100.        ]
 [  0.           0.           0.           0.           0.        ]
 [100.         100.         100.         100.         100.        ]
 [  0.           0.           0.           0.           0.        ]
 [  0.           0.           0.           0.           0.        ]
 [  0.           0.           0.           0.           0.        ]
 [         nan          nan          nan          nan          nan]]
