用--stratified_limit=100 --sample_seed=2跑出的结果
Special tokens have been added in the vocabulary, make sure the associated word embeddings are fine-tuned or trained.
Stratified sampled 100 test samples with seed 2.
Sample depth distribution: depth 2: 48, depth 3: 25, depth 4: 12, depth 5: 6, depth 6: 2, depth 7: 1, depth 8: 1, depth 9: 1, depth 10: 1, depth 11: 1, depth 12: 1, depth 13: 1

  0%|          | 0/100 [00:00<?, ?it/s]
  1%|          | 1/100 [00:15<25:51, 15.68s/it]
  2%|▏         | 2/100 [00:36<30:32, 18.70s/it]
  3%|▎         | 3/100 [01:25<52:52, 32.71s/it]
  4%|▍         | 4/100 [01:38<39:22, 24.60s/it]
  5%|▌         | 5/100 [01:42<27:17, 17.24s/it]
  6%|▌         | 6/100 [01:48<20:57, 13.38s/it]
  7%|▋         | 7/100 [02:09<24:58, 16.11s/it]
  8%|▊         | 8/100 [02:25<24:40, 16.09s/it]
  9%|▉         | 9/100 [02:43<25:07, 16.57s/it]
 10%|█         | 10/100 [03:20<34:15, 22.84s/it]
 11%|█         | 11/100 [03:35<30:10, 20.34s/it]
 12%|█▏        | 12/100 [03:43<24:22, 16.62s/it]
 13%|█▎        | 13/100 [03:52<21:02, 14.51s/it]
 14%|█▍        | 14/100 [04:02<18:49, 13.13s/it]
 15%|█▌        | 15/100 [04:21<21:01, 14.84s/it]
 16%|█▌        | 16/100 [04:34<20:09, 14.40s/it]
 17%|█▋        | 17/100 [04:46<18:51, 13.64s/it]
 18%|█▊        | 18/100 [04:55<16:40, 12.20s/it]
 19%|█▉        | 19/100 [05:12<18:18, 13.57s/it]
 20%|██        | 20/100 [05:19<15:26, 11.58s/it]
 21%|██        | 21/100 [05:31<15:38, 11.88s/it]
 22%|██▏       | 22/100 [05:42<14:44, 11.33s/it]
 23%|██▎       | 23/100 [05:48<12:30,  9.75s/it]
 24%|██▍       | 24/100 [05:53<10:50,  8.56s/it]
 25%|██▌       | 25/100 [06:01<10:18,  8.25s/it]
 26%|██▌       | 26/100 [06:06<09:10,  7.44s/it]
 27%|██▋       | 27/100 [06:32<15:44, 12.94s/it]
 28%|██▊       | 28/100 [06:51<17:43, 14.77s/it]
 29%|██▉       | 29/100 [07:01<15:30, 13.11s/it]
 30%|███       | 30/100 [07:10<14:00, 12.01s/it]
 31%|███       | 31/100 [07:21<13:25, 11.68s/it]
 32%|███▏      | 32/100 [07:42<16:26, 14.51s/it]
 33%|███▎      | 33/100 [07:59<17:07, 15.34s/it]
 34%|███▍      | 34/100 [08:28<21:16, 19.33s/it]
 35%|███▌      | 35/100 [08:41<18:48, 17.36s/it]
 36%|███▌      | 36/100 [08:52<16:41, 15.64s/it]
 37%|███▋      | 37/100 [09:11<17:15, 16.43s/it]
 38%|███▊      | 38/100 [09:31<18:14, 17.66s/it]
 39%|███▉      | 39/100 [09:39<14:53, 14.65s/it]
 40%|████      | 40/100 [09:53<14:25, 14.43s/it]
 41%|████      | 41/100 [10:05<13:28, 13.70s/it]
 42%|████▏     | 42/100 [10:12<11:27, 11.85s/it]
 43%|████▎     | 43/100 [10:25<11:37, 12.24s/it]
 44%|████▍     | 44/100 [10:37<11:13, 12.03s/it]
 45%|████▌     | 45/100 [10:44<09:37, 10.51s/it]
 46%|████▌     | 46/100 [10:58<10:24, 11.57s/it]
 47%|████▋     | 47/100 [11:11<10:38, 12.06s/it]
 48%|████▊     | 48/100 [11:20<09:40, 11.16s/it]
 49%|████▉     | 49/100 [11:26<08:10,  9.62s/it]
 50%|█████     | 50/100 [11:32<07:04,  8.50s/it]
 51%|█████     | 51/100 [11:44<07:54,  9.68s/it]
 52%|█████▏    | 52/100 [12:00<09:15, 11.57s/it]
 53%|█████▎    | 53/100 [12:21<11:06, 14.19s/it]
 54%|█████▍    | 54/100 [12:33<10:24, 13.57s/it]
 55%|█████▌    | 55/100 [13:10<15:31, 20.69s/it]
 56%|█████▌    | 56/100 [13:29<14:47, 20.17s/it]
 57%|█████▋    | 57/100 [13:41<12:38, 17.65s/it]
 58%|█████▊    | 58/100 [13:52<10:57, 15.66s/it]
 59%|█████▉    | 59/100 [14:03<09:45, 14.28s/it]
 60%|██████    | 60/100 [14:29<11:48, 17.72s/it]
 61%|██████    | 61/100 [15:34<20:52, 32.11s/it]
 62%|██████▏   | 62/100 [16:16<22:06, 34.90s/it]
 63%|██████▎   | 63/100 [16:17<15:13, 24.70s/it]
 64%|██████▍   | 64/100 [16:27<12:16, 20.45s/it]
 65%|██████▌   | 65/100 [16:38<10:15, 17.58s/it]
 66%|██████▌   | 66/100 [16:55<09:54, 17.49s/it]
 67%|██████▋   | 67/100 [17:04<08:05, 14.70s/it]
 68%|██████▊   | 68/100 [18:06<15:32, 29.14s/it]
 69%|██████▉   | 69/100 [18:11<11:17, 21.85s/it]
 70%|███████   | 70/100 [18:38<11:37, 23.25s/it]
 71%|███████   | 71/100 [18:45<08:58, 18.58s/it]
 72%|███████▏  | 72/100 [18:51<06:50, 14.65s/it]
 73%|███████▎  | 73/100 [19:01<06:02, 13.41s/it]
 74%|███████▍  | 74/100 [19:10<05:12, 12.01s/it]
 75%|███████▌  | 75/100 [19:29<05:48, 13.96s/it]
 76%|███████▌  | 76/100 [19:37<04:55, 12.31s/it]
 77%|███████▋  | 77/100 [19:49<04:37, 12.07s/it]
 78%|███████▊  | 78/100 [19:57<04:00, 10.95s/it]
 79%|███████▉  | 79/100 [20:25<05:36, 16.03s/it]
 80%|████████  | 80/100 [20:40<05:17, 15.87s/it]
 81%|████████  | 81/100 [20:48<04:12, 13.28s/it]
 82%|████████▏ | 82/100 [20:57<03:39, 12.17s/it]
 83%|████████▎ | 83/100 [21:17<04:07, 14.58s/it]
 84%|████████▍ | 84/100 [21:30<03:43, 14.00s/it]
 85%|████████▌ | 85/100 [21:31<02:32, 10.15s/it]
 86%|████████▌ | 86/100 [21:43<02:27, 10.56s/it]
 87%|████████▋ | 87/100 [21:51<02:08,  9.88s/it]
 88%|████████▊ | 88/100 [22:09<02:26, 12.19s/it]
 89%|████████▉ | 89/100 [22:20<02:11, 11.96s/it]
 90%|█████████ | 90/100 [22:24<01:36,  9.65s/it]
 91%|█████████ | 91/100 [22:47<02:01, 13.47s/it]
 92%|█████████▏| 92/100 [22:58<01:41, 12.73s/it]
 93%|█████████▎| 93/100 [23:15<01:37, 13.98s/it]
 94%|█████████▍| 94/100 [23:48<01:59, 19.84s/it]
 95%|█████████▌| 95/100 [24:00<01:27, 17.44s/it]
 96%|█████████▌| 96/100 [24:11<01:01, 15.48s/it]
 97%|█████████▋| 97/100 [24:26<00:46, 15.40s/it]
 98%|█████████▊| 98/100 [24:38<00:28, 14.48s/it]
 99%|█████████▉| 99/100 [25:04<00:17, 17.95s/it]
100%|██████████| 100/100 [25:12<00:00, 14.94s/it]
100%|██████████| 100/100 [25:12<00:00, 15.13s/it]overall_result:  [[ 40. 100.]
 [ 48. 100.]
 [ 51. 100.]
 [ 52. 100.]
 [ 52. 100.]] [40. 48. 51. 52. 52.]

main.py:685: RuntimeWarning: invalid value encountered in divide
  print("depth_hit: ", depth_hit, 100 * depth_hit[0, :, :] / depth_hit[1, :, :])
depth_hit:  [[[ 0.  0.  0.  0.  0.]
  [ 0.  0.  0.  0.  0.]
  [24. 30. 31. 32. 32.]
  [10. 10. 11. 11. 11.]
  [ 3.  4.  5.  5.  5.]
  [ 2.  3.  3.  3.  3.]
  [ 1.  1.  1.  1.  1.]
  [ 0.  0.  0.  0.  0.]
  [ 0.  0.  0.  0.  0.]
  [ 0.  0.  0.  0.  0.]
  [ 0.  0.  0.  0.  0.]
  [ 0.  0.  0.  0.  0.]
  [ 0.  0.  0.  0.  0.]
  [ 0.  0.  0.  0.  0.]
  [ 0.  0.  0.  0.  0.]]

 [[ 0.  0.  0.  0.  0.]
  [ 0.  0.  0.  0.  0.]
  [48. 48. 48. 48. 48.]
  [25. 25. 25. 25. 25.]
  [12. 12. 12. 12. 12.]
  [ 6.  6.  6.  6.  6.]
  [ 2.  2.  2.  2.  2.]
  [ 1.  1.  1.  1.  1.]
  [ 1.  1.  1.  1.  1.]
  [ 1.  1.  1.  1.  1.]
  [ 1.  1.  1.  1.  1.]
  [ 1.  1.  1.  1.  1.]
  [ 1.  1.  1.  1.  1.]
  [ 1.  1.  1.  1.  1.]
  [ 0.  0.  0.  0.  0.]]] [[        nan         nan         nan         nan         nan]
 [        nan         nan         nan         nan         nan]
 [50.         62.5        64.58333333 66.66666667 66.66666667]
 [40.         40.         44.         44.         44.        ]
 [25.         33.33333333 41.66666667 41.66666667 41.66666667]
 [33.33333333 50.         50.         50.         50.        ]
 [50.         50.         50.         50.         50.        ]
 [ 0.          0.          0.          0.          0.        ]
 [ 0.          0.          0.          0.          0.        ]
 [ 0.          0.          0.          0.          0.        ]
 [ 0.          0.          0.          0.          0.        ]
 [ 0.          0.          0.          0.          0.        ]
 [ 0.          0.          0.          0.          0.        ]
 [ 0.          0.          0.          0.          0.        ]
 [        nan         nan         nan         nan         nan]]
