用--stratified_limit=100 --sample_seed=1跑出的结果
overall_result:  [[ 40. 100.]
 [ 45. 100.]
 [ 48. 100.]
 [ 49. 100.]
 [ 49. 100.]] [40. 45. 48. 49. 49.]
main.py:685: RuntimeWarning: invalid value encountered in divide
  print("depth_hit: ", depth_hit, 100 * depth_hit[0, :, :] / depth_hit[1, :, :])
depth_hit:  [[[ 0.  0.  0.  0.  0.]
  [ 0.  0.  0.  0.  0.]
  [22. 25. 27. 28. 28.]
  [ 8. 10. 11. 11. 11.]
  [ 4.  4.  4.  4.  4.]
  [ 4.  4.  4.  4.  4.]
  [ 1.  1.  1.  1.  1.]
  [ 0.  0.  0.  0.  0.]
  [ 0.  0.  0.  0.  0.]
  [ 0.  0.  0.  0.  0.]
  [ 1.  1.  1.  1.  1.]
  [ 0.  0.  0.  0.  0.]
  [ 0.  0.  0.  0.  0.]
  [ 0.  0.  0.  0.  0.]
  [ 0.  0.  0.  0.  0.]]

 [[ 0.  0.  0.  0.  0.]
  [ 0.  0.  0.  0.  0.]
  [48. 48. 48. 48. 48.]
  [25. 25. 25. 25. 25.]
  [12. 12. 12. 12. 12.]
  [ 6.  6.  6.  6.  6.]
  [ 2.  2.  2.  2.  2.]
  [ 1.  1.  1.  1.  1.]
  [ 1.  1.  1.  1.  1.]
  [ 1.  1.  1.  1.  1.]
  [ 1.  1.  1.  1.  1.]
  [ 1.  1.  1.  1.  1.]
  [ 1.  1.  1.  1.  1.]
  [ 1.  1.  1.  1.  1.]
  [ 0.  0.  0.  0.  0.]]] [[         nan          nan          nan          nan          nan]
 [         nan          nan          nan          nan          nan]
 [ 45.83333333  52.08333333  56.25        58.33333333  58.33333333]
 [ 32.          40.          44.          44.          44.        ]
 [ 33.33333333  33.33333333  33.33333333  33.33333333  33.33333333]
 [ 66.66666667  66.66666667  66.66666667  66.66666667  66.66666667]
 [ 50.          50.          50.          50.          50.        ]
 [  0.           0.           0.           0.           0.        ]
 [  0.           0.           0.           0.           0.        ]
 [  0.           0.           0.           0.           0.        ]
 [100.         100.         100.         100.         100.        ]
 [  0.           0.           0.           0.           0.        ]
 [  0.           0.           0.           0.           0.        ]
 [  0.           0.           0.           0.           0.        ]
 [         nan          nan          nan          nan          nan]]
[1]+  Killed                  python main.py